<?xml version="1.0" encoding="UTF-8"?>
<!-- Generated by org.testng.reporters.JUnitReportReporter -->
<testsuite hostname="Kugushinapc" name="kugushina.SecondHomework_search" tests="1" failures="0" timestamp="12 Nov 2015 16:56:32 GMT" time="6.309" errors="0">
  <testcase name="testUntitled" time="6.309" classname="kugushina.SecondHomework_search"/>
</testsuite> <!-- kugushina.SecondHomework_search -->
