<?xml version="1.0" encoding="UTF-8"?>
<!-- Generated by org.testng.reporters.JUnitReportReporter -->
<testsuite hostname="Kugushinapc" name="kugushina.FirstHomework" tests="1" failures="0" timestamp="29 Oct 2015 11:31:29 GMT" time="2.899" errors="0">
  <testcase name="testUntitled" time="2.899" classname="kugushina.FirstHomework"/>
</testsuite> <!-- kugushina.FirstHomework -->
