<?xml version="1.0" encoding="UTF-8"?>
<!-- Generated by org.testng.reporters.JUnitReportReporter -->
<testsuite hostname="Kugushinapc" name="kugushina.SecondHomework_delete" tests="1" failures="0" timestamp="6 Nov 2015 13:23:36 GMT" time="2.752" errors="0">
  <testcase name="testUntitled" time="2.752" classname="kugushina.SecondHomework_delete"/>
</testsuite> <!-- kugushina.SecondHomework_delete -->
