<?xml version="1.0" encoding="UTF-8"?>
<!-- Generated by org.testng.reporters.JUnitReportReporter -->
<testsuite hostname="Kugushinapc" name="kugushina.SecondHomework_add" tests="1" failures="0" timestamp="6 Nov 2015 13:21:29 GMT" time="2.273" errors="0">
  <testcase name="testUntitled" time="2.273" classname="kugushina.SecondHomework_add"/>
</testsuite> <!-- kugushina.SecondHomework_add -->
