<?xml version="1.0" encoding="UTF-8"?>
<!-- Generated by org.testng.reporters.JUnitReportReporter -->
<testsuite hostname="Kugushinapc" name="kugushina.SecondHomework" tests="1" failures="0" timestamp="5 Nov 2015 16:58:20 GMT" time="2.310" errors="0">
  <testcase name="testUntitled" time="2.310" classname="kugushina.SecondHomework"/>
</testsuite> <!-- kugushina.SecondHomework -->
