<?xml version="1.0" encoding="UTF-8"?>
<!-- Generated by org.testng.reporters.JUnitReportReporter -->
<testsuite hostname="Kugushinapc" name="kugushina.SecondHomework_delete" tests="1" failures="0" timestamp="5 Nov 2015 17:30:18 GMT" time="1.826" errors="0">
  <testcase name="testUntitled" time="1.826" classname="kugushina.SecondHomework_delete"/>
</testsuite> <!-- kugushina.SecondHomework_delete -->
