<?xml version="1.0" encoding="UTF-8"?>
<!-- Generated by org.testng.reporters.JUnitReportReporter -->
<testsuite hostname="Kugushinapc" name="kugushina.LoginTest" tests="1" failures="0" timestamp="29 Oct 2015 11:08:19 GMT" time="6.038" errors="0">
  <testcase name="testUntitled" time="6.038" classname="kugushina.LoginTest"/>
</testsuite> <!-- kugushina.LoginTest -->
