<?xml version="1.0" encoding="UTF-8"?>
<!-- Generated by org.testng.reporters.JUnitReportReporter -->
<testsuite hostname="Kugushinapc" name="kugushina.LoginTest" tests="2" failures="0" timestamp="12 Nov 2015 14:51:56 GMT" time="2.381" errors="0">
  <testcase name="testLoginOK" time="0.908" classname="kugushina.LoginTest"/>
  <testcase name="testLoginFailed" time="1.473" classname="kugushina.LoginTest"/>
</testsuite> <!-- kugushina.LoginTest -->
